[05-19 17:02:02]: [INFO] Created column 'regdate' and set the current timestamp, 1747674122519, to all 0 rows
[05-19 17:02:02]: [INFO] SQLite Setup finished
[05-19 17:02:02]: [INFO] Hooked into LuckPerms!
[05-19 17:02:02]: [INFO] Hooked successfully into Multiverse-Core
[05-19 17:02:03]: [INFO] AuthMe 5.6.0-beta2 build n.2453 successfully enabled!
[05-19 17:02:10]: [INFO] Downloading GEO IP database, because the old database is older than 30 days or doesn't exist
[05-19 17:02:10]: [WARN] No MaxMind credentials found in the configuration file! GeoIp protections will be disabled.
[05-19 17:02:10]: [INFO] There is no newer GEO IP database uploaded to MaxMind. Using the old one for now.
[05-19 17:02:10]: [WARN] Could not download GeoLiteAPI database [FileNotFoundException]: plugins/AuthMe/GeoLite2-Country.mmdb (No such file or directory)
[05-19 17:02:10]: java.io.FileNotFoundException: plugins/AuthMe/GeoLite2-Country.mmdb (No such file or directory)
	at java.base/java.io.RandomAccessFile.open0(Native Method)
	at java.base/java.io.RandomAccessFile.open(RandomAccessFile.java:344)
	at java.base/java.io.RandomAccessFile.<init>(RandomAccessFile.java:259)
	at java.base/java.io.RandomAccessFile.<init>(RandomAccessFile.java:213)
	at AuthMe-5.6.0-beta2.jar//fr.xephi.authme.libs.com.maxmind.db.BufferHolder.<init>(BufferHolder.java:20)
	at AuthMe-5.6.0-beta2.jar//fr.xephi.authme.libs.com.maxmind.db.Reader.<init>(Reader.java:121)
	at AuthMe-5.6.0-beta2.jar//fr.xephi.authme.service.GeoIpService.startReading(GeoIpService.java:173)
	at AuthMe-5.6.0-beta2.jar//fr.xephi.authme.service.GeoIpService.updateDatabase(GeoIpService.java:144)
	at org.bukkit.craftbukkit.v1_20_R1.scheduler.CraftTask.run(CraftTask.java:101)
	at org.bukkit.craftbukkit.v1_20_R1.scheduler.CraftAsyncTask.run(CraftAsyncTask.java:57)
	at com.destroystokyo.paper.ServerSchedulerReportingWrapper.run(ServerSchedulerReportingWrapper.java:22)
	at java.base/java.util.concurrent.ThreadPoolExecutor.runWorker(ThreadPoolExecutor.java:1136)
	at java.base/java.util.concurrent.ThreadPoolExecutor$Worker.run(ThreadPoolExecutor.java:635)
	at java.base/java.lang.Thread.run(Thread.java:840)

[05-19 17:03:50]: [INFO] AuthMe 5.6.0-beta2-b2453 disabled!
